<?xml version="1.0" encoding="UTF-8"?>
<!-- Generated by org.testng.reporters.JUnitReportReporter -->
<testsuite hostname="anujsewani" failures="0" tests="10" name="com.SeleniumExitTest.tests.HomeTest" time="333.147" errors="0" timestamp="09 Feb 2022 16:01:56 GMT" skipped="0">
  <testcase classname="com.SeleniumExitTest.tests.HomeTest" name="productSearch" time="32.486"/>
  <testcase classname="com.SeleniumExitTest.tests.HomeTest" name="wishlistProduct" time="42.422"/>
  <testcase classname="com.SeleniumExitTest.tests.HomeTest" name="removeWishlistProduct" time="22.787"/>
  <testcase classname="com.SeleniumExitTest.tests.HomeTest" name="myOrders" time="24.581"/>
  <testcase classname="com.SeleniumExitTest.tests.HomeTest" name="superCoin" time="34.850"/>
  <testcase classname="com.SeleniumExitTest.tests.HomeTest" name="flipkartLogo" time="34.004"/>
  <testcase classname="com.SeleniumExitTest.tests.HomeTest" name="flipkartPlusZone" time="38.830"/>
  <testcase classname="com.SeleniumExitTest.tests.HomeTest" name="flipkartCoupons" time="29.059"/>
  <testcase classname="com.SeleniumExitTest.tests.HomeTest" name="flipkartNotifications" time="31.541"/>
  <testcase classname="com.SeleniumExitTest.tests.HomeTest" name="flipkartFilterType" time="42.587"/>
</testsuite> <!-- com.SeleniumExitTest.tests.HomeTest -->
