<?xml version="1.0" encoding="UTF-8"?>
<!-- Generated by org.testng.reporters.JUnitReportReporter -->
<testsuite hostname="anujsewani" failures="0" tests="3" name="com.SeleniumExitTest.tests.AddToCartTest" time="147.617" errors="0" timestamp="09 Feb 2022 16:01:56 GMT" skipped="0">
  <testcase classname="com.SeleniumExitTest.tests.AddToCartTest" name="AddProductToCart" time="47.458"/>
  <testcase classname="com.SeleniumExitTest.tests.AddToCartTest" name="RemoveProductFromCart" time="51.896"/>
  <testcase classname="com.SeleniumExitTest.tests.AddToCartTest" name="SaveForLater" time="48.263"/>
</testsuite> <!-- com.SeleniumExitTest.tests.AddToCartTest -->
