<?xml version="1.0" encoding="UTF-8"?>
<!-- Generated by org.testng.reporters.JUnitReportReporter -->
<testsuite hostname="anujsewani" failures="0" tests="1" name="com.SeleniumExitTest.tests.LogoutTest" time="39.866" errors="0" timestamp="09 Feb 2022 14:51:04 GMT" skipped="0">
  <testcase classname="com.SeleniumExitTest.tests.LogoutTest" name="logout" time="39.866"/>
</testsuite> <!-- com.SeleniumExitTest.tests.LogoutTest -->
